{"/Users/vinoththomas/Projects/Assignment_dexHigh/assets/linker.png": {"path":"/Users/vinoththomas/Projects/Assignment_dexHigh/assets/linker.png","statementMap":{"0":{"start":{"line":1,"column":0},"end":{"line":4,"column":6}}},"fnMap":{},"branchMap":{},"s":{"0":2},"f":{},"b":{},"inputSourceMap":null,"_coverageSchema":"1a1c01bbd47fc00a2c39e90264f33305004495a9","hash":"96d27b176f9e01ffbae04b509e3c457e7de42d28"}
,"/Users/vinoththomas/Projects/Assignment_dexHigh/assignment/task1.js": {"path":"/Users/vinoththomas/Projects/Assignment_dexHigh/assignment/task1.js","statementMap":{"0":{"start":{"line":1,"column":13},"end":{"line":1,"column":75}},"1":{"start":{"line":1,"column":75},"end":{"line":1,"column":103}},"2":{"start":{"line":1,"column":116},"end":{"line":1,"column":157}},"3":{"start":{"line":2,"column":19},"end":{"line":2,"column":42}},"4":{"start":{"line":3,"column":18},"end":{"line":3,"column":40}},"5":{"start":{"line":3,"column":60},"end":{"line":3,"column":129}},"6":{"start":{"line":3,"column":167},"end":{"line":3,"column":214}},"7":{"start":{"line":3,"column":202},"end":{"line":3,"column":214}},"8":{"start":{"line":3,"column":226},"end":{"line":3,"column":239}},"9":{"start":{"line":3,"column":240},"end":{"line":3,"column":319}},"10":{"start":{"line":3,"column":304},"end":{"line":3,"column":317}},"11":{"start":{"line":3,"column":319},"end":{"line":3,"column":332}},"12":{"start":{"line":3,"column":372},"end":{"line":3,"column":412}},"13":{"start":{"line":3,"column":400},"end":{"line":3,"column":411}},"14":{"start":{"line":3,"column":412},"end":{"line":3,"column":516}},"15":{"start":{"line":3,"column":489},"end":{"line":3,"column":515}},"16":{"start":{"line":3,"column":528},"end":{"line":3,"column":554}},"17":{"start":{"line":3,"column":555},"end":{"line":3,"column":608}},"18":{"start":{"line":3,"column":585},"end":{"line":3,"column":607}},"19":{"start":{"line":3,"column":621},"end":{"line":3,"column":623}},"20":{"start":{"line":3,"column":652},"end":{"line":3,"column":708}},"21":{"start":{"line":3,"column":709},"end":{"line":3,"column":980}},"22":{"start":{"line":3,"column":731},"end":{"line":3,"column":979}},"23":{"start":{"line":3,"column":795},"end":{"line":3,"column":867}},"24":{"start":{"line":3,"column":868},"end":{"line":3,"column":978}},"25":{"start":{"line":3,"column":905},"end":{"line":3,"column":946}},"26":{"start":{"line":3,"column":954},"end":{"line":3,"column":977}},"27":{"start":{"line":3,"column":980},"end":{"line":3,"column":1004}},"28":{"start":{"line":3,"column":1004},"end":{"line":3,"column":1040}},"29":{"start":{"line":3,"column":1016},"end":{"line":3,"column":1039}},"30":{"start":{"line":3,"column":1040},"end":{"line":3,"column":1054}},"31":{"start":{"line":3,"column":1104},"end":{"line":3,"column":1497}},"32":{"start":{"line":3,"column":1226},"end":{"line":3,"column":1279}},"33":{"start":{"line":3,"column":1259},"end":{"line":3,"column":1277}},"34":{"start":{"line":3,"column":1287},"end":{"line":3,"column":1496}},"35":{"start":{"line":3,"column":1320},"end":{"line":3,"column":1494}},"36":{"start":{"line":3,"column":1497},"end":{"line":3,"column":1517}},"37":{"start":{"line":3,"column":1567},"end":{"line":3,"column":1666}},"38":{"start":{"line":3,"column":1608},"end":{"line":3,"column":1665}},"39":{"start":{"line":3,"column":1710},"end":{"line":3,"column":1975}},"40":{"start":{"line":3,"column":1723},"end":{"line":3,"column":1724}},"41":{"start":{"line":3,"column":1767},"end":{"line":3,"column":1775}},"42":{"start":{"line":3,"column":1776},"end":{"line":3,"column":1831}},"43":{"start":{"line":3,"column":1831},"end":{"line":3,"column":1862}},"44":{"start":{"line":3,"column":1862},"end":{"line":3,"column":1916}},"45":{"start":{"line":3,"column":1889},"end":{"line":3,"column":1916}},"46":{"start":{"line":3,"column":1916},"end":{"line":3,"column":1974}},"47":{"start":{"line":3,"column":2037},"end":{"line":3,"column":2106}},"48":{"start":{"line":3,"column":2053},"end":{"line":3,"column":2106}},"49":{"start":{"line":3,"column":2106},"end":{"line":3,"column":2167}},"50":{"start":{"line":3,"column":2123},"end":{"line":3,"column":2167}},"51":{"start":{"line":3,"column":2167},"end":{"line":3,"column":2186}},"52":{"start":{"line":3,"column":2229},"end":{"line":3,"column":2366}},"53":{"start":{"line":3,"column":2291},"end":{"line":3,"column":2365}},"54":{"start":{"line":3,"column":2366},"end":{"line":3,"column":2511}},"55":{"start":{"line":3,"column":2511},"end":{"line":3,"column":2565}},"56":{"start":{"line":3,"column":2527},"end":{"line":3,"column":2565}},"57":{"start":{"line":3,"column":2598},"end":{"line":3,"column":2700}},"58":{"start":{"line":3,"column":2673},"end":{"line":3,"column":2689}},"59":{"start":{"line":3,"column":2689},"end":{"line":3,"column":2698}},"60":{"start":{"line":3,"column":2700},"end":{"line":3,"column":2729}},"61":{"start":{"line":3,"column":2794},"end":{"line":3,"column":2821}},"62":{"start":{"line":3,"column":2822},"end":{"line":3,"column":3141}},"63":{"start":{"line":3,"column":2874},"end":{"line":3,"column":2898}},"64":{"start":{"line":3,"column":2906},"end":{"line":3,"column":3091}},"65":{"start":{"line":3,"column":2954},"end":{"line":3,"column":2987}},"66":{"start":{"line":3,"column":2988},"end":{"line":3,"column":3044}},"67":{"start":{"line":3,"column":3052},"end":{"line":3,"column":3090}},"68":{"start":{"line":3,"column":3091},"end":{"line":3,"column":3139}},"69":{"start":{"line":3,"column":3191},"end":{"line":3,"column":3277}},"70":{"start":{"line":3,"column":3264},"end":{"line":3,"column":3276}},"71":{"start":{"line":3,"column":3277},"end":{"line":3,"column":3313}},"72":{"start":{"line":3,"column":3353},"end":{"line":3,"column":3462}},"73":{"start":{"line":3,"column":3375},"end":{"line":3,"column":3461}},"74":{"start":{"line":3,"column":3462},"end":{"line":3,"column":3474}},"75":{"start":{"line":3,"column":3513},"end":{"line":3,"column":3584}},"76":{"start":{"line":3,"column":3571},"end":{"line":3,"column":3584}},"77":{"start":{"line":3,"column":3584},"end":{"line":3,"column":3625}},"78":{"start":{"line":3,"column":3612},"end":{"line":3,"column":3625}},"79":{"start":{"line":3,"column":3625},"end":{"line":3,"column":3670}},"80":{"start":{"line":3,"column":3658},"end":{"line":3,"column":3670}},"81":{"start":{"line":3,"column":3670},"end":{"line":3,"column":3788}},"82":{"start":{"line":3,"column":3675},"end":{"line":3,"column":3749}},"83":{"start":{"line":3,"column":3749},"end":{"line":3,"column":3761}},"84":{"start":{"line":3,"column":3774},"end":{"line":3,"column":3787}},"85":{"start":{"line":3,"column":3818},"end":{"line":3,"column":3962}},"86":{"start":{"line":3,"column":3913},"end":{"line":3,"column":3960}},"87":{"start":{"line":3,"column":3962},"end":{"line":3,"column":3988}},"88":{"start":{"line":5,"column":8},"end":{"line":71,"column":42}},"89":{"start":{"line":5,"column":31},"end":{"line":5,"column":60}},"90":{"start":{"line":5,"column":73},"end":{"line":5,"column":92}},"91":{"start":{"line":6,"column":35},"end":{"line":6,"column":64}},"92":{"start":{"line":7,"column":4},"end":{"line":7,"column":37}},"93":{"start":{"line":8,"column":4},"end":{"line":9,"column":32}},"94":{"start":{"line":9,"column":32},"end":{"line":9,"column":45}},"95":{"start":{"line":11,"column":3},"end":{"line":71,"column":10}},"96":{"start":{"line":14,"column":6},"end":{"line":14,"column":20}},"97":{"start":{"line":19,"column":6},"end":{"line":21,"column":67}},"98":{"start":{"line":22,"column":6},"end":{"line":22,"column":19}},"99":{"start":{"line":26,"column":21},"end":{"line":26,"column":44}},"100":{"start":{"line":27,"column":24},"end":{"line":27,"column":46}},"101":{"start":{"line":28,"column":21},"end":{"line":28,"column":43}},"102":{"start":{"line":29,"column":6},"end":{"line":29,"column":33}},"103":{"start":{"line":30,"column":22},"end":{"line":30,"column":59}},"104":{"start":{"line":32,"column":21},"end":{"line":32,"column":51}},"105":{"start":{"line":34,"column":6},"end":{"line":52,"column":7}},"106":{"start":{"line":34,"column":19},"end":{"line":34,"column":20}},"107":{"start":{"line":35,"column":26},"end":{"line":35,"column":32}},"108":{"start":{"line":36,"column":8},"end":{"line":51,"column":9}},"109":{"start":{"line":37,"column":25},"end":{"line":37,"column":49}},"110":{"start":{"line":38,"column":10},"end":{"line":38,"column":70}},"111":{"start":{"line":39,"column":10},"end":{"line":39,"column":35}},"112":{"start":{"line":40,"column":15},"end":{"line":51,"column":9}},"113":{"start":{"line":41,"column":24},"end":{"line":41,"column":36}},"114":{"start":{"line":42,"column":10},"end":{"line":46,"column":27}},"115":{"start":{"line":48,"column":10},"end":{"line":48,"column":35}},"116":{"start":{"line":50,"column":10},"end":{"line":50,"column":33}},"117":{"start":{"line":55,"column":18},"end":{"line":55,"column":22}},"118":{"start":{"line":56,"column":6},"end":{"line":67,"column":183}},"119":{"start":{"line":63,"column":39},"end":{"line":63,"column":96}},"120":{"start":{"line":71,"column":10},"end":{"line":71,"column":23}},"121":{"start":{"line":71,"column":43},"end":{"line":71,"column":70}},"122":{"start":{"line":74,"column":13},"end":{"line":92,"column":27}}},"fnMap":{"0":{"name":"_getRequireWildcardCache","decl":{"start":{"line":3,"column":139},"end":{"line":3,"column":163}},"loc":{"start":{"line":3,"column":166},"end":{"line":3,"column":333}},"line":3},"1":{"name":"_getRequireWildcardCache","decl":{"start":{"line":3,"column":276},"end":{"line":3,"column":300}},"loc":{"start":{"line":3,"column":303},"end":{"line":3,"column":318}},"line":3},"2":{"name":"_interopRequireWildcard","decl":{"start":{"line":3,"column":342},"end":{"line":3,"column":365}},"loc":{"start":{"line":3,"column":371},"end":{"line":3,"column":1055}},"line":3},"3":{"name":"_typeof","decl":{"start":{"line":3,"column":1064},"end":{"line":3,"column":1071}},"loc":{"start":{"line":3,"column":1077},"end":{"line":3,"column":1518}},"line":3},"4":{"name":"_typeof","decl":{"start":{"line":3,"column":1245},"end":{"line":3,"column":1252}},"loc":{"start":{"line":3,"column":1258},"end":{"line":3,"column":1278}},"line":3},"5":{"name":"_typeof","decl":{"start":{"line":3,"column":1306},"end":{"line":3,"column":1313}},"loc":{"start":{"line":3,"column":1319},"end":{"line":3,"column":1495}},"line":3},"6":{"name":"_classCallCheck","decl":{"start":{"line":3,"column":1527},"end":{"line":3,"column":1542}},"loc":{"start":{"line":3,"column":1566},"end":{"line":3,"column":1667}},"line":3},"7":{"name":"_defineProperties","decl":{"start":{"line":3,"column":1676},"end":{"line":3,"column":1693}},"loc":{"start":{"line":3,"column":1709},"end":{"line":3,"column":1976}},"line":3},"8":{"name":"_createClass","decl":{"start":{"line":3,"column":1985},"end":{"line":3,"column":1997}},"loc":{"start":{"line":3,"column":2036},"end":{"line":3,"column":2187}},"line":3},"9":{"name":"_inherits","decl":{"start":{"line":3,"column":2196},"end":{"line":3,"column":2205}},"loc":{"start":{"line":3,"column":2228},"end":{"line":3,"column":2566}},"line":3},"10":{"name":"_setPrototypeOf","decl":{"start":{"line":3,"column":2575},"end":{"line":3,"column":2590}},"loc":{"start":{"line":3,"column":2597},"end":{"line":3,"column":2730}},"line":3},"11":{"name":"_setPrototypeOf","decl":{"start":{"line":3,"column":2650},"end":{"line":3,"column":2665}},"loc":{"start":{"line":3,"column":2672},"end":{"line":3,"column":2699}},"line":3},"12":{"name":"_createSuper","decl":{"start":{"line":3,"column":2739},"end":{"line":3,"column":2751}},"loc":{"start":{"line":3,"column":2761},"end":{"line":3,"column":3142}},"line":3},"13":{"name":"_createSuperInternal","decl":{"start":{"line":3,"column":2838},"end":{"line":3,"column":2858}},"loc":{"start":{"line":3,"column":2861},"end":{"line":3,"column":3140}},"line":3},"14":{"name":"_possibleConstructorReturn","decl":{"start":{"line":3,"column":3151},"end":{"line":3,"column":3177}},"loc":{"start":{"line":3,"column":3190},"end":{"line":3,"column":3314}},"line":3},"15":{"name":"_assertThisInitialized","decl":{"start":{"line":3,"column":3323},"end":{"line":3,"column":3345}},"loc":{"start":{"line":3,"column":3352},"end":{"line":3,"column":3475}},"line":3},"16":{"name":"_isNativeReflectConstruct","decl":{"start":{"line":3,"column":3484},"end":{"line":3,"column":3509}},"loc":{"start":{"line":3,"column":3512},"end":{"line":3,"column":3789}},"line":3},"17":{"name":"(anonymous_17)","decl":{"start":{"line":3,"column":3732},"end":{"line":3,"column":3733}},"loc":{"start":{"line":3,"column":3744},"end":{"line":3,"column":3746}},"line":3},"18":{"name":"_getPrototypeOf","decl":{"start":{"line":3,"column":3798},"end":{"line":3,"column":3813}},"loc":{"start":{"line":3,"column":3817},"end":{"line":3,"column":3989}},"line":3},"19":{"name":"_getPrototypeOf","decl":{"start":{"line":3,"column":3893},"end":{"line":3,"column":3908}},"loc":{"start":{"line":3,"column":3912},"end":{"line":3,"column":3961}},"line":3},"20":{"name":"(anonymous_20)","decl":{"start":{"line":5,"column":8},"end":{"line":5,"column":9}},"loc":{"start":{"line":5,"column":30},"end":{"line":71,"column":24}},"line":5},"21":{"name":"Task1","decl":{"start":{"line":6,"column":11},"end":{"line":6,"column":16}},"loc":{"start":{"line":6,"column":24},"end":{"line":11,"column":3}},"line":6},"22":{"name":"componentDidMount","decl":{"start":{"line":11,"column":68},"end":{"line":11,"column":85}},"loc":{"start":{"line":13,"column":4},"end":{"line":15,"column":5}},"line":13},"23":{"name":"getPrintValue","decl":{"start":{"line":15,"column":49},"end":{"line":15,"column":62}},"loc":{"start":{"line":17,"column":34},"end":{"line":23,"column":5}},"line":17},"24":{"name":"doTask","decl":{"start":{"line":23,"column":42},"end":{"line":23,"column":48}},"loc":{"start":{"line":25,"column":4},"end":{"line":53,"column":5}},"line":25},"25":{"name":"render","decl":{"start":{"line":53,"column":42},"end":{"line":53,"column":48}},"loc":{"start":{"line":55,"column":4},"end":{"line":71,"column":5}},"line":55},"26":{"name":"onPress","decl":{"start":{"line":63,"column":28},"end":{"line":63,"column":35}},"loc":{"start":{"line":63,"column":38},"end":{"line":63,"column":97}},"line":63}},"branchMap":{"0":{"loc":{"start":{"line":3,"column":167},"end":{"line":3,"column":214}},"type":"if","locations":[{"start":{"line":3,"column":167},"end":{"line":3,"column":214}},{"start":{"line":3,"column":167},"end":{"line":3,"column":214}}],"line":3},"1":{"loc":{"start":{"line":3,"column":372},"end":{"line":3,"column":412}},"type":"if","locations":[{"start":{"line":3,"column":372},"end":{"line":3,"column":412}},{"start":{"line":3,"column":372},"end":{"line":3,"column":412}}],"line":3},"2":{"loc":{"start":{"line":3,"column":376},"end":{"line":3,"column":397}},"type":"binary-expr","locations":[{"start":{"line":3,"column":376},"end":{"line":3,"column":379}},{"start":{"line":3,"column":383},"end":{"line":3,"column":397}}],"line":3},"3":{"loc":{"start":{"line":3,"column":412},"end":{"line":3,"column":516}},"type":"if","locations":[{"start":{"line":3,"column":412},"end":{"line":3,"column":516}},{"start":{"line":3,"column":412},"end":{"line":3,"column":516}}],"line":3},"4":{"loc":{"start":{"line":3,"column":416},"end":{"line":3,"column":486}},"type":"binary-expr","locations":[{"start":{"line":3,"column":416},"end":{"line":3,"column":428}},{"start":{"line":3,"column":432},"end":{"line":3,"column":457}},{"start":{"line":3,"column":461},"end":{"line":3,"column":486}}],"line":3},"5":{"loc":{"start":{"line":3,"column":555},"end":{"line":3,"column":608}},"type":"if","locations":[{"start":{"line":3,"column":555},"end":{"line":3,"column":608}},{"start":{"line":3,"column":555},"end":{"line":3,"column":608}}],"line":3},"6":{"loc":{"start":{"line":3,"column":559},"end":{"line":3,"column":582}},"type":"binary-expr","locations":[{"start":{"line":3,"column":559},"end":{"line":3,"column":564}},{"start":{"line":3,"column":568},"end":{"line":3,"column":582}}],"line":3},"7":{"loc":{"start":{"line":3,"column":652},"end":{"line":3,"column":708}},"type":"binary-expr","locations":[{"start":{"line":3,"column":652},"end":{"line":3,"column":673}},{"start":{"line":3,"column":677},"end":{"line":3,"column":708}}],"line":3},"8":{"loc":{"start":{"line":3,"column":731},"end":{"line":3,"column":979}},"type":"if","locations":[{"start":{"line":3,"column":731},"end":{"line":3,"column":979}},{"start":{"line":3,"column":731},"end":{"line":3,"column":979}}],"line":3},"9":{"loc":{"start":{"line":3,"column":795},"end":{"line":3,"column":867}},"type":"cond-expr","locations":[{"start":{"line":3,"column":819},"end":{"line":3,"column":860}},{"start":{"line":3,"column":863},"end":{"line":3,"column":867}}],"line":3},"10":{"loc":{"start":{"line":3,"column":868},"end":{"line":3,"column":978}},"type":"if","locations":[{"start":{"line":3,"column":868},"end":{"line":3,"column":978}},{"start":{"line":3,"column":868},"end":{"line":3,"column":978}}],"line":3},"11":{"loc":{"start":{"line":3,"column":872},"end":{"line":3,"column":902}},"type":"binary-expr","locations":[{"start":{"line":3,"column":872},"end":{"line":3,"column":876}},{"start":{"line":3,"column":881},"end":{"line":3,"column":889}},{"start":{"line":3,"column":893},"end":{"line":3,"column":901}}],"line":3},"12":{"loc":{"start":{"line":3,"column":1004},"end":{"line":3,"column":1040}},"type":"if","locations":[{"start":{"line":3,"column":1004},"end":{"line":3,"column":1040}},{"start":{"line":3,"column":1004},"end":{"line":3,"column":1040}}],"line":3},"13":{"loc":{"start":{"line":3,"column":1104},"end":{"line":3,"column":1497}},"type":"if","locations":[{"start":{"line":3,"column":1104},"end":{"line":3,"column":1497}},{"start":{"line":3,"column":1104},"end":{"line":3,"column":1497}}],"line":3},"14":{"loc":{"start":{"line":3,"column":1108},"end":{"line":3,"column":1223}},"type":"binary-expr","locations":[{"start":{"line":3,"column":1108},"end":{"line":3,"column":1136}},{"start":{"line":3,"column":1140},"end":{"line":3,"column":1223}}],"line":3},"15":{"loc":{"start":{"line":3,"column":1148},"end":{"line":3,"column":1209}},"type":"cond-expr","locations":[{"start":{"line":3,"column":1179},"end":{"line":3,"column":1194}},{"start":{"line":3,"column":1197},"end":{"line":3,"column":1209}}],"line":3},"16":{"loc":{"start":{"line":3,"column":1327},"end":{"line":3,"column":1493}},"type":"cond-expr","locations":[{"start":{"line":3,"column":1472},"end":{"line":3,"column":1480}},{"start":{"line":3,"column":1483},"end":{"line":3,"column":1493}}],"line":3},"17":{"loc":{"start":{"line":3,"column":1327},"end":{"line":3,"column":1469}},"type":"binary-expr","locations":[{"start":{"line":3,"column":1327},"end":{"line":3,"column":1330}},{"start":{"line":3,"column":1334},"end":{"line":3,"column":1362}},{"start":{"line":3,"column":1366},"end":{"line":3,"column":1392}},{"start":{"line":3,"column":1396},"end":{"line":3,"column":1469}}],"line":3},"18":{"loc":{"start":{"line":3,"column":1405},"end":{"line":3,"column":1468}},"type":"cond-expr","locations":[{"start":{"line":3,"column":1436},"end":{"line":3,"column":1452}},{"start":{"line":3,"column":1455},"end":{"line":3,"column":1468}}],"line":3},"19":{"loc":{"start":{"line":3,"column":1567},"end":{"line":3,"column":1666}},"type":"if","locations":[{"start":{"line":3,"column":1567},"end":{"line":3,"column":1666}},{"start":{"line":3,"column":1567},"end":{"line":3,"column":1666}}],"line":3},"20":{"loc":{"start":{"line":3,"column":1800},"end":{"line":3,"column":1830}},"type":"binary-expr","locations":[{"start":{"line":3,"column":1800},"end":{"line":3,"column":1821}},{"start":{"line":3,"column":1825},"end":{"line":3,"column":1830}}],"line":3},"21":{"loc":{"start":{"line":3,"column":1862},"end":{"line":3,"column":1916}},"type":"if","locations":[{"start":{"line":3,"column":1862},"end":{"line":3,"column":1916}},{"start":{"line":3,"column":1862},"end":{"line":3,"column":1916}}],"line":3},"22":{"loc":{"start":{"line":3,"column":2037},"end":{"line":3,"column":2106}},"type":"if","locations":[{"start":{"line":3,"column":2037},"end":{"line":3,"column":2106}},{"start":{"line":3,"column":2037},"end":{"line":3,"column":2106}}],"line":3},"23":{"loc":{"start":{"line":3,"column":2106},"end":{"line":3,"column":2167}},"type":"if","locations":[{"start":{"line":3,"column":2106},"end":{"line":3,"column":2167}},{"start":{"line":3,"column":2106},"end":{"line":3,"column":2167}}],"line":3},"24":{"loc":{"start":{"line":3,"column":2229},"end":{"line":3,"column":2366}},"type":"if","locations":[{"start":{"line":3,"column":2229},"end":{"line":3,"column":2366}},{"start":{"line":3,"column":2229},"end":{"line":3,"column":2366}}],"line":3},"25":{"loc":{"start":{"line":3,"column":2233},"end":{"line":3,"column":2288}},"type":"binary-expr","locations":[{"start":{"line":3,"column":2233},"end":{"line":3,"column":2265}},{"start":{"line":3,"column":2269},"end":{"line":3,"column":2288}}],"line":3},"26":{"loc":{"start":{"line":3,"column":2401},"end":{"line":3,"column":2435}},"type":"binary-expr","locations":[{"start":{"line":3,"column":2401},"end":{"line":3,"column":2411}},{"start":{"line":3,"column":2415},"end":{"line":3,"column":2435}}],"line":3},"27":{"loc":{"start":{"line":3,"column":2511},"end":{"line":3,"column":2565}},"type":"if","locations":[{"start":{"line":3,"column":2511},"end":{"line":3,"column":2565}},{"start":{"line":3,"column":2511},"end":{"line":3,"column":2565}}],"line":3},"28":{"loc":{"start":{"line":3,"column":2616},"end":{"line":3,"column":2699}},"type":"binary-expr","locations":[{"start":{"line":3,"column":2616},"end":{"line":3,"column":2637}},{"start":{"line":3,"column":2641},"end":{"line":3,"column":2699}}],"line":3},"29":{"loc":{"start":{"line":3,"column":2906},"end":{"line":3,"column":3091}},"type":"if","locations":[{"start":{"line":3,"column":2906},"end":{"line":3,"column":3091}},{"start":{"line":3,"column":2906},"end":{"line":3,"column":3091}}],"line":3},"30":{"loc":{"start":{"line":3,"column":3191},"end":{"line":3,"column":3277}},"type":"if","locations":[{"start":{"line":3,"column":3191},"end":{"line":3,"column":3277}},{"start":{"line":3,"column":3191},"end":{"line":3,"column":3277}}],"line":3},"31":{"loc":{"start":{"line":3,"column":3195},"end":{"line":3,"column":3261}},"type":"binary-expr","locations":[{"start":{"line":3,"column":3195},"end":{"line":3,"column":3199}},{"start":{"line":3,"column":3204},"end":{"line":3,"column":3230}},{"start":{"line":3,"column":3234},"end":{"line":3,"column":3260}}],"line":3},"32":{"loc":{"start":{"line":3,"column":3353},"end":{"line":3,"column":3462}},"type":"if","locations":[{"start":{"line":3,"column":3353},"end":{"line":3,"column":3462}},{"start":{"line":3,"column":3353},"end":{"line":3,"column":3462}}],"line":3},"33":{"loc":{"start":{"line":3,"column":3513},"end":{"line":3,"column":3584}},"type":"if","locations":[{"start":{"line":3,"column":3513},"end":{"line":3,"column":3584}},{"start":{"line":3,"column":3513},"end":{"line":3,"column":3584}}],"line":3},"34":{"loc":{"start":{"line":3,"column":3517},"end":{"line":3,"column":3569}},"type":"binary-expr","locations":[{"start":{"line":3,"column":3517},"end":{"line":3,"column":3547}},{"start":{"line":3,"column":3551},"end":{"line":3,"column":3569}}],"line":3},"35":{"loc":{"start":{"line":3,"column":3584},"end":{"line":3,"column":3625}},"type":"if","locations":[{"start":{"line":3,"column":3584},"end":{"line":3,"column":3625}},{"start":{"line":3,"column":3584},"end":{"line":3,"column":3625}}],"line":3},"36":{"loc":{"start":{"line":3,"column":3625},"end":{"line":3,"column":3670}},"type":"if","locations":[{"start":{"line":3,"column":3625},"end":{"line":3,"column":3670}},{"start":{"line":3,"column":3625},"end":{"line":3,"column":3670}}],"line":3},"37":{"loc":{"start":{"line":3,"column":3836},"end":{"line":3,"column":3961}},"type":"cond-expr","locations":[{"start":{"line":3,"column":3860},"end":{"line":3,"column":3881}},{"start":{"line":3,"column":3884},"end":{"line":3,"column":3961}}],"line":3},"38":{"loc":{"start":{"line":3,"column":3920},"end":{"line":3,"column":3959}},"type":"binary-expr","locations":[{"start":{"line":3,"column":3920},"end":{"line":3,"column":3931}},{"start":{"line":3,"column":3935},"end":{"line":3,"column":3959}}],"line":3},"39":{"loc":{"start":{"line":36,"column":8},"end":{"line":51,"column":9}},"type":"if","locations":[{"start":{"line":36,"column":8},"end":{"line":51,"column":9}},{"start":{"line":36,"column":8},"end":{"line":51,"column":9}}],"line":36},"40":{"loc":{"start":{"line":40,"column":15},"end":{"line":51,"column":9}},"type":"if","locations":[{"start":{"line":40,"column":15},"end":{"line":51,"column":9}},{"start":{"line":40,"column":15},"end":{"line":51,"column":9}}],"line":40}},"s":{"0":2,"1":2,"2":2,"3":2,"4":2,"5":2,"6":2,"7":0,"8":2,"9":2,"10":0,"11":2,"12":2,"13":0,"14":2,"15":0,"16":2,"17":2,"18":0,"19":2,"20":2,"21":2,"22":56,"23":56,"24":56,"25":0,"26":56,"27":2,"28":2,"29":2,"30":2,"31":2,"32":2,"33":4,"34":0,"35":0,"36":2,"37":2,"38":0,"39":2,"40":2,"41":8,"42":8,"43":8,"44":8,"45":8,"46":8,"47":2,"48":2,"49":2,"50":0,"51":2,"52":2,"53":0,"54":2,"55":2,"56":2,"57":2,"58":0,"59":0,"60":2,"61":2,"62":2,"63":2,"64":2,"65":2,"66":2,"67":0,"68":2,"69":2,"70":2,"71":0,"72":0,"73":0,"74":0,"75":2,"76":0,"77":2,"78":0,"79":2,"80":2,"81":0,"82":0,"83":0,"84":0,"85":2,"86":0,"87":2,"88":2,"89":2,"90":2,"91":2,"92":2,"93":2,"94":2,"95":2,"96":2,"97":26,"98":26,"99":2,"100":2,"101":2,"102":2,"103":2,"104":2,"105":2,"106":2,"107":28,"108":28,"109":14,"110":14,"111":14,"112":14,"113":12,"114":12,"115":12,"116":2,"117":2,"118":2,"119":0,"120":2,"121":2,"122":2},"f":{"0":2,"1":0,"2":2,"3":2,"4":4,"5":0,"6":2,"7":2,"8":2,"9":2,"10":2,"11":0,"12":2,"13":2,"14":2,"15":0,"16":2,"17":0,"18":2,"19":0,"20":2,"21":2,"22":2,"23":26,"24":2,"25":2,"26":0},"b":{"0":[0,2],"1":[0,2],"2":[2,2],"3":[0,2],"4":[2,2,0],"5":[0,2],"6":[2,2],"7":[2,2],"8":[56,0],"9":[56,0],"10":[0,56],"11":[56,56,56],"12":[2,0],"13":[2,0],"14":[2,2],"15":[2,0],"16":[0,0],"17":[0,0,0,0],"18":[0,0],"19":[0,2],"20":[8,8],"21":[8,0],"22":[2,0],"23":[0,2],"24":[0,2],"25":[2,0],"26":[2,2],"27":[2,0],"28":[2,0],"29":[2,0],"30":[2,0],"31":[2,2,0],"32":[0,0],"33":[0,2],"34":[2,2],"35":[0,2],"36":[2,0],"37":[2,0],"38":[0,0],"39":[14,14],"40":[12,2]},"inputSourceMap":null,"_coverageSchema":"1a1c01bbd47fc00a2c39e90264f33305004495a9","hash":"01bf0704762ab0e7138b7e8669e000111257806a"}
,"/Users/vinoththomas/Projects/Assignment_dexHigh/assignment/task2a.js": {"path":"/Users/vinoththomas/Projects/Assignment_dexHigh/assignment/task2a.js","statementMap":{"0":{"start":{"line":1,"column":42},"end":{"line":1,"column":97}},"1":{"start":{"line":1,"column":128},"end":{"line":1,"column":184}},"2":{"start":{"line":1,"column":185},"end":{"line":1,"column":247}},"3":{"start":{"line":1,"column":247},"end":{"line":1,"column":275}},"4":{"start":{"line":1,"column":298},"end":{"line":1,"column":370}},"5":{"start":{"line":1,"column":391},"end":{"line":1,"column":460}},"6":{"start":{"line":1,"column":478},"end":{"line":1,"column":544}},"7":{"start":{"line":1,"column":579},"end":{"line":1,"column":662}},"8":{"start":{"line":1,"column":686},"end":{"line":1,"column":758}},"9":{"start":{"line":1,"column":772},"end":{"line":1,"column":813}},"10":{"start":{"line":2,"column":19},"end":{"line":2,"column":42}},"11":{"start":{"line":3,"column":18},"end":{"line":3,"column":40}},"12":{"start":{"line":3,"column":60},"end":{"line":3,"column":130}},"13":{"start":{"line":3,"column":195},"end":{"line":3,"column":222}},"14":{"start":{"line":3,"column":223},"end":{"line":3,"column":593}},"15":{"start":{"line":3,"column":275},"end":{"line":3,"column":316}},"16":{"start":{"line":3,"column":324},"end":{"line":3,"column":526}},"17":{"start":{"line":3,"column":372},"end":{"line":3,"column":422}},"18":{"start":{"line":3,"column":423},"end":{"line":3,"column":479}},"19":{"start":{"line":3,"column":487},"end":{"line":3,"column":525}},"20":{"start":{"line":3,"column":526},"end":{"line":3,"column":591}},"21":{"start":{"line":3,"column":632},"end":{"line":3,"column":703}},"22":{"start":{"line":3,"column":690},"end":{"line":3,"column":703}},"23":{"start":{"line":3,"column":703},"end":{"line":3,"column":744}},"24":{"start":{"line":3,"column":731},"end":{"line":3,"column":744}},"25":{"start":{"line":3,"column":744},"end":{"line":3,"column":789}},"26":{"start":{"line":3,"column":777},"end":{"line":3,"column":789}},"27":{"start":{"line":3,"column":789},"end":{"line":3,"column":907}},"28":{"start":{"line":3,"column":794},"end":{"line":3,"column":868}},"29":{"start":{"line":3,"column":868},"end":{"line":3,"column":880}},"30":{"start":{"line":3,"column":893},"end":{"line":3,"column":906}},"31":{"start":{"line":5,"column":9},"end":{"line":115,"column":43}},"32":{"start":{"line":5,"column":32},"end":{"line":5,"column":79}},"33":{"start":{"line":5,"column":92},"end":{"line":5,"column":112}},"34":{"start":{"line":6,"column":36},"end":{"line":6,"column":83}},"35":{"start":{"line":7,"column":4},"end":{"line":7,"column":37}},"36":{"start":{"line":7,"column":37},"end":{"line":78,"column":6}},"37":{"start":{"line":69,"column":6},"end":{"line":76,"column":7}},"38":{"start":{"line":73,"column":8},"end":{"line":73,"column":28}},"39":{"start":{"line":75,"column":8},"end":{"line":75,"column":27}},"40":{"start":{"line":77,"column":6},"end":{"line":77,"column":49}},"41":{"start":{"line":78,"column":6},"end":{"line":78,"column":79}},"42":{"start":{"line":78,"column":79},"end":{"line":78,"column":92}},"43":{"start":{"line":78,"column":93},"end":{"line":115,"column":10}},"44":{"start":{"line":78,"column":197},"end":{"line":78,"column":274}},"45":{"start":{"line":78,"column":274},"end":{"line":78,"column":373}},"46":{"start":{"line":78,"column":429},"end":{"line":78,"column":441}},"47":{"start":{"line":78,"column":517},"end":{"line":78,"column":543}},"48":{"start":{"line":78,"column":616},"end":{"line":78,"column":620}},"49":{"start":{"line":78,"column":621},"end":{"line":78,"column":652}},"50":{"start":{"line":78,"column":652},"end":{"line":78,"column":813}},"51":{"start":{"line":78,"column":705},"end":{"line":78,"column":723}},"52":{"start":{"line":78,"column":724},"end":{"line":78,"column":804}},"53":{"start":{"line":78,"column":741},"end":{"line":78,"column":757}},"54":{"start":{"line":78,"column":765},"end":{"line":78,"column":803}},"55":{"start":{"line":78,"column":867},"end":{"line":78,"column":895}},"56":{"start":{"line":78,"column":895},"end":{"line":78,"column":924}},"57":{"start":{"line":78,"column":980},"end":{"line":78,"column":1009}},"58":{"start":{"line":78,"column":1079},"end":{"line":78,"column":1095}},"59":{"start":{"line":78,"column":1096},"end":{"line":78,"column":1320}},"60":{"start":{"line":78,"column":1113},"end":{"line":78,"column":1296}},"61":{"start":{"line":78,"column":1296},"end":{"line":78,"column":1319}},"62":{"start":{"line":81,"column":6},"end":{"line":81,"column":86}},"63":{"start":{"line":84,"column":18},"end":{"line":84,"column":22}},"64":{"start":{"line":85,"column":14},"end":{"line":85,"column":30}},"65":{"start":{"line":86,"column":6},"end":{"line":110,"column":185}},"66":{"start":{"line":98,"column":12},"end":{"line":98,"column":35}},"67":{"start":{"line":107,"column":12},"end":{"line":107,"column":31}},"68":{"start":{"line":115,"column":10},"end":{"line":115,"column":24}},"69":{"start":{"line":115,"column":44},"end":{"line":115,"column":72}},"70":{"start":{"line":118,"column":13},"end":{"line":152,"column":27}}},"fnMap":{"0":{"name":"_createSuper","decl":{"start":{"line":3,"column":140},"end":{"line":3,"column":152}},"loc":{"start":{"line":3,"column":162},"end":{"line":3,"column":594}},"line":3},"1":{"name":"_createSuperInternal","decl":{"start":{"line":3,"column":239},"end":{"line":3,"column":259}},"loc":{"start":{"line":3,"column":262},"end":{"line":3,"column":592}},"line":3},"2":{"name":"_isNativeReflectConstruct","decl":{"start":{"line":3,"column":603},"end":{"line":3,"column":628}},"loc":{"start":{"line":3,"column":631},"end":{"line":3,"column":908}},"line":3},"3":{"name":"(anonymous_3)","decl":{"start":{"line":3,"column":851},"end":{"line":3,"column":852}},"loc":{"start":{"line":3,"column":863},"end":{"line":3,"column":865}},"line":3},"4":{"name":"(anonymous_4)","decl":{"start":{"line":5,"column":9},"end":{"line":5,"column":10}},"loc":{"start":{"line":5,"column":31},"end":{"line":115,"column":25}},"line":5},"5":{"name":"Task2a","decl":{"start":{"line":6,"column":11},"end":{"line":6,"column":17}},"loc":{"start":{"line":6,"column":25},"end":{"line":78,"column":93}},"line":6},"6":{"name":"(anonymous_6)","decl":{"start":{"line":68,"column":28},"end":{"line":68,"column":29}},"loc":{"start":{"line":68,"column":52},"end":{"line":78,"column":5}},"line":68},"7":{"name":"componentDidMount","decl":{"start":{"line":78,"column":176},"end":{"line":78,"column":193}},"loc":{"start":{"line":78,"column":196},"end":{"line":78,"column":374}},"line":78},"8":{"name":"backAction","decl":{"start":{"line":78,"column":415},"end":{"line":78,"column":425}},"loc":{"start":{"line":78,"column":428},"end":{"line":78,"column":442}},"line":78},"9":{"name":"componentWillUnmount","decl":{"start":{"line":78,"column":493},"end":{"line":78,"column":513}},"loc":{"start":{"line":78,"column":516},"end":{"line":78,"column":544}},"line":78},"10":{"name":"startTimer","decl":{"start":{"line":78,"column":585},"end":{"line":78,"column":595}},"loc":{"start":{"line":78,"column":602},"end":{"line":78,"column":814}},"line":78},"11":{"name":"(anonymous_11)","decl":{"start":{"line":78,"column":680},"end":{"line":78,"column":681}},"loc":{"start":{"line":78,"column":692},"end":{"line":78,"column":805}},"line":78},"12":{"name":"stopReset","decl":{"start":{"line":78,"column":854},"end":{"line":78,"column":863}},"loc":{"start":{"line":78,"column":866},"end":{"line":78,"column":925}},"line":78},"13":{"name":"pauseTimer","decl":{"start":{"line":78,"column":966},"end":{"line":78,"column":976}},"loc":{"start":{"line":78,"column":979},"end":{"line":78,"column":1010}},"line":78},"14":{"name":"resumeTimer","decl":{"start":{"line":78,"column":1052},"end":{"line":78,"column":1063}},"loc":{"start":{"line":78,"column":1066},"end":{"line":78,"column":1321}},"line":78},"15":{"name":"componentWillUnmount","decl":{"start":{"line":78,"column":1372},"end":{"line":78,"column":1392}},"loc":{"start":{"line":80,"column":4},"end":{"line":82,"column":5}},"line":80},"16":{"name":"render","decl":{"start":{"line":82,"column":42},"end":{"line":82,"column":48}},"loc":{"start":{"line":84,"column":4},"end":{"line":115,"column":5}},"line":84},"17":{"name":"onPress","decl":{"start":{"line":97,"column":28},"end":{"line":97,"column":35}},"loc":{"start":{"line":97,"column":38},"end":{"line":99,"column":11}},"line":97},"18":{"name":"onPress","decl":{"start":{"line":106,"column":28},"end":{"line":106,"column":35}},"loc":{"start":{"line":106,"column":38},"end":{"line":108,"column":11}},"line":106}},"branchMap":{"0":{"loc":{"start":{"line":3,"column":324},"end":{"line":3,"column":526}},"type":"if","locations":[{"start":{"line":3,"column":324},"end":{"line":3,"column":526}},{"start":{"line":3,"column":324},"end":{"line":3,"column":526}}],"line":3},"1":{"loc":{"start":{"line":3,"column":632},"end":{"line":3,"column":703}},"type":"if","locations":[{"start":{"line":3,"column":632},"end":{"line":3,"column":703}},{"start":{"line":3,"column":632},"end":{"line":3,"column":703}}],"line":3},"2":{"loc":{"start":{"line":3,"column":636},"end":{"line":3,"column":688}},"type":"binary-expr","locations":[{"start":{"line":3,"column":636},"end":{"line":3,"column":666}},{"start":{"line":3,"column":670},"end":{"line":3,"column":688}}],"line":3},"3":{"loc":{"start":{"line":3,"column":703},"end":{"line":3,"column":744}},"type":"if","locations":[{"start":{"line":3,"column":703},"end":{"line":3,"column":744}},{"start":{"line":3,"column":703},"end":{"line":3,"column":744}}],"line":3},"4":{"loc":{"start":{"line":3,"column":744},"end":{"line":3,"column":789}},"type":"if","locations":[{"start":{"line":3,"column":744},"end":{"line":3,"column":789}},{"start":{"line":3,"column":744},"end":{"line":3,"column":789}}],"line":3},"5":{"loc":{"start":{"line":69,"column":6},"end":{"line":76,"column":7}},"type":"if","locations":[{"start":{"line":69,"column":6},"end":{"line":76,"column":7}},{"start":{"line":69,"column":6},"end":{"line":76,"column":7}}],"line":69},"6":{"loc":{"start":{"line":70,"column":6},"end":{"line":71,"column":31}},"type":"binary-expr","locations":[{"start":{"line":70,"column":6},"end":{"line":70,"column":55}},{"start":{"line":71,"column":6},"end":{"line":71,"column":31}}],"line":70},"7":{"loc":{"start":{"line":78,"column":724},"end":{"line":78,"column":804}},"type":"if","locations":[{"start":{"line":78,"column":724},"end":{"line":78,"column":804}},{"start":{"line":78,"column":724},"end":{"line":78,"column":804}}],"line":78},"8":{"loc":{"start":{"line":78,"column":1096},"end":{"line":78,"column":1320}},"type":"if","locations":[{"start":{"line":78,"column":1096},"end":{"line":78,"column":1320}},{"start":{"line":78,"column":1096},"end":{"line":78,"column":1320}}],"line":78}},"s":{"0":2,"1":2,"2":2,"3":2,"4":2,"5":2,"6":2,"7":2,"8":2,"9":2,"10":2,"11":2,"12":2,"13":2,"14":2,"15":2,"16":2,"17":2,"18":2,"19":0,"20":2,"21":2,"22":0,"23":2,"24":0,"25":2,"26":2,"27":0,"28":0,"29":0,"30":0,"31":2,"32":2,"33":2,"34":2,"35":2,"36":2,"37":0,"38":0,"39":0,"40":0,"41":2,"42":2,"43":2,"44":2,"45":2,"46":0,"47":0,"48":1,"49":1,"50":1,"51":0,"52":0,"53":0,"54":0,"55":0,"56":0,"57":0,"58":0,"59":0,"60":0,"61":0,"62":0,"63":3,"64":3,"65":3,"66":1,"67":0,"68":2,"69":2,"70":2},"f":{"0":2,"1":2,"2":2,"3":0,"4":2,"5":2,"6":0,"7":2,"8":0,"9":0,"10":1,"11":0,"12":0,"13":0,"14":0,"15":0,"16":3,"17":1,"18":0},"b":{"0":[2,0],"1":[0,2],"2":[2,2],"3":[0,2],"4":[2,0],"5":[0,0],"6":[0,0],"7":[0,0],"8":[0,0]},"inputSourceMap":null,"_coverageSchema":"1a1c01bbd47fc00a2c39e90264f33305004495a9","hash":"c5b10e13d42b529848bdc2dce943517077e595a3"}
,"/Users/vinoththomas/Projects/Assignment_dexHigh/assignment/task2b.js": {"path":"/Users/vinoththomas/Projects/Assignment_dexHigh/assignment/task2b.js","statementMap":{"0":{"start":{"line":1,"column":42},"end":{"line":1,"column":97}},"1":{"start":{"line":1,"column":128},"end":{"line":1,"column":184}},"2":{"start":{"line":1,"column":185},"end":{"line":1,"column":247}},"3":{"start":{"line":1,"column":247},"end":{"line":1,"column":275}},"4":{"start":{"line":1,"column":298},"end":{"line":1,"column":370}},"5":{"start":{"line":1,"column":391},"end":{"line":1,"column":460}},"6":{"start":{"line":1,"column":478},"end":{"line":1,"column":544}},"7":{"start":{"line":1,"column":579},"end":{"line":1,"column":662}},"8":{"start":{"line":1,"column":686},"end":{"line":1,"column":758}},"9":{"start":{"line":1,"column":772},"end":{"line":1,"column":813}},"10":{"start":{"line":2,"column":39},"end":{"line":2,"column":109}},"11":{"start":{"line":3,"column":18},"end":{"line":3,"column":72}},"12":{"start":{"line":4,"column":16},"end":{"line":4,"column":72}},"13":{"start":{"line":4,"column":92},"end":{"line":4,"column":162}},"14":{"start":{"line":4,"column":227},"end":{"line":4,"column":254}},"15":{"start":{"line":4,"column":255},"end":{"line":4,"column":625}},"16":{"start":{"line":4,"column":307},"end":{"line":4,"column":348}},"17":{"start":{"line":4,"column":356},"end":{"line":4,"column":558}},"18":{"start":{"line":4,"column":404},"end":{"line":4,"column":454}},"19":{"start":{"line":4,"column":455},"end":{"line":4,"column":511}},"20":{"start":{"line":4,"column":519},"end":{"line":4,"column":557}},"21":{"start":{"line":4,"column":558},"end":{"line":4,"column":623}},"22":{"start":{"line":4,"column":664},"end":{"line":4,"column":735}},"23":{"start":{"line":4,"column":722},"end":{"line":4,"column":735}},"24":{"start":{"line":4,"column":735},"end":{"line":4,"column":776}},"25":{"start":{"line":4,"column":763},"end":{"line":4,"column":776}},"26":{"start":{"line":4,"column":776},"end":{"line":4,"column":821}},"27":{"start":{"line":4,"column":809},"end":{"line":4,"column":821}},"28":{"start":{"line":4,"column":821},"end":{"line":4,"column":939}},"29":{"start":{"line":4,"column":826},"end":{"line":4,"column":900}},"30":{"start":{"line":4,"column":900},"end":{"line":4,"column":912}},"31":{"start":{"line":4,"column":925},"end":{"line":4,"column":938}},"32":{"start":{"line":6,"column":9},"end":{"line":24,"column":43}},"33":{"start":{"line":6,"column":32},"end":{"line":6,"column":79}},"34":{"start":{"line":6,"column":92},"end":{"line":6,"column":112}},"35":{"start":{"line":6,"column":132},"end":{"line":6,"column":179}},"36":{"start":{"line":6,"column":179},"end":{"line":6,"column":216}},"37":{"start":{"line":6,"column":217},"end":{"line":24,"column":10}},"38":{"start":{"line":9,"column":6},"end":{"line":21,"column":99}},"39":{"start":{"line":16,"column":45},"end":{"line":16,"column":182}},"40":{"start":{"line":17,"column":45},"end":{"line":17,"column":184}},"41":{"start":{"line":24,"column":10},"end":{"line":24,"column":24}},"42":{"start":{"line":24,"column":44},"end":{"line":24,"column":72}}},"fnMap":{"0":{"name":"_createSuper","decl":{"start":{"line":4,"column":172},"end":{"line":4,"column":184}},"loc":{"start":{"line":4,"column":194},"end":{"line":4,"column":626}},"line":4},"1":{"name":"_createSuperInternal","decl":{"start":{"line":4,"column":271},"end":{"line":4,"column":291}},"loc":{"start":{"line":4,"column":294},"end":{"line":4,"column":624}},"line":4},"2":{"name":"_isNativeReflectConstruct","decl":{"start":{"line":4,"column":635},"end":{"line":4,"column":660}},"loc":{"start":{"line":4,"column":663},"end":{"line":4,"column":940}},"line":4},"3":{"name":"(anonymous_3)","decl":{"start":{"line":4,"column":883},"end":{"line":4,"column":884}},"loc":{"start":{"line":4,"column":895},"end":{"line":4,"column":897}},"line":4},"4":{"name":"(anonymous_4)","decl":{"start":{"line":6,"column":9},"end":{"line":6,"column":10}},"loc":{"start":{"line":6,"column":31},"end":{"line":24,"column":25}},"line":6},"5":{"name":"Task2b","decl":{"start":{"line":6,"column":122},"end":{"line":6,"column":128}},"loc":{"start":{"line":6,"column":131},"end":{"line":6,"column":217}},"line":6},"6":{"name":"render","decl":{"start":{"line":6,"column":289},"end":{"line":6,"column":295}},"loc":{"start":{"line":8,"column":4},"end":{"line":24,"column":5}},"line":8},"7":{"name":"renderBody","decl":{"start":{"line":16,"column":31},"end":{"line":16,"column":41}},"loc":{"start":{"line":16,"column":44},"end":{"line":16,"column":183}},"line":16},"8":{"name":"foreground","decl":{"start":{"line":17,"column":31},"end":{"line":17,"column":41}},"loc":{"start":{"line":17,"column":44},"end":{"line":17,"column":185}},"line":17}},"branchMap":{"0":{"loc":{"start":{"line":4,"column":356},"end":{"line":4,"column":558}},"type":"if","locations":[{"start":{"line":4,"column":356},"end":{"line":4,"column":558}},{"start":{"line":4,"column":356},"end":{"line":4,"column":558}}],"line":4},"1":{"loc":{"start":{"line":4,"column":664},"end":{"line":4,"column":735}},"type":"if","locations":[{"start":{"line":4,"column":664},"end":{"line":4,"column":735}},{"start":{"line":4,"column":664},"end":{"line":4,"column":735}}],"line":4},"2":{"loc":{"start":{"line":4,"column":668},"end":{"line":4,"column":720}},"type":"binary-expr","locations":[{"start":{"line":4,"column":668},"end":{"line":4,"column":698}},{"start":{"line":4,"column":702},"end":{"line":4,"column":720}}],"line":4},"3":{"loc":{"start":{"line":4,"column":735},"end":{"line":4,"column":776}},"type":"if","locations":[{"start":{"line":4,"column":735},"end":{"line":4,"column":776}},{"start":{"line":4,"column":735},"end":{"line":4,"column":776}}],"line":4},"4":{"loc":{"start":{"line":4,"column":776},"end":{"line":4,"column":821}},"type":"if","locations":[{"start":{"line":4,"column":776},"end":{"line":4,"column":821}},{"start":{"line":4,"column":776},"end":{"line":4,"column":821}}],"line":4}},"s":{"0":2,"1":2,"2":2,"3":2,"4":2,"5":2,"6":2,"7":2,"8":2,"9":2,"10":2,"11":2,"12":2,"13":2,"14":2,"15":2,"16":2,"17":2,"18":2,"19":2,"20":0,"21":2,"22":2,"23":0,"24":2,"25":0,"26":2,"27":2,"28":0,"29":0,"30":0,"31":0,"32":2,"33":2,"34":2,"35":2,"36":2,"37":2,"38":2,"39":0,"40":0,"41":2,"42":2},"f":{"0":2,"1":2,"2":2,"3":0,"4":2,"5":2,"6":2,"7":0,"8":0},"b":{"0":[2,0],"1":[0,2],"2":[2,2],"3":[0,2],"4":[2,0]},"inputSourceMap":null,"_coverageSchema":"1a1c01bbd47fc00a2c39e90264f33305004495a9","hash":"45640ed87afee528b97bb6f56f8e2375e7359e6d"}
,"/Users/vinoththomas/Projects/Assignment_dexHigh/assignment/API/main.js": {"path":"/Users/vinoththomas/Projects/Assignment_dexHigh/assignment/API/main.js","statementMap":{"0":{"start":{"line":1,"column":42},"end":{"line":1,"column":97}},"1":{"start":{"line":1,"column":98},"end":{"line":1,"column":160}},"2":{"start":{"line":1,"column":160},"end":{"line":1,"column":187}},"3":{"start":{"line":1,"column":206},"end":{"line":1,"column":267}},"4":{"start":{"line":1,"column":293},"end":{"line":1,"column":367}},"5":{"start":{"line":1,"column":384},"end":{"line":27,"column":146}},"6":{"start":{"line":1,"column":408},"end":{"line":27,"column":76}},"7":{"start":{"line":1,"column":528},"end":{"line":27,"column":73}},"8":{"start":{"line":1,"column":593},"end":{"line":27,"column":61}},"9":{"start":{"line":1,"column":604},"end":{"line":27,"column":60}},"10":{"start":{"line":2,"column":12},"end":{"line":2,"column":38}},"11":{"start":{"line":3,"column":12},"end":{"line":3,"column":90}},"12":{"start":{"line":4,"column":12},"end":{"line":6,"column":68}},"13":{"start":{"line":9,"column":12},"end":{"line":12,"column":35}},"14":{"start":{"line":12,"column":35},"end":{"line":12,"column":53}},"15":{"start":{"line":12,"column":53},"end":{"line":25,"column":18}},"16":{"start":{"line":19,"column":40},"end":{"line":19,"column":63}},"17":{"start":{"line":21,"column":16},"end":{"line":21,"column":30}},"18":{"start":{"line":24,"column":16},"end":{"line":24,"column":29}},"19":{"start":{"line":25,"column":25},"end":{"line":25,"column":46}},"20":{"start":{"line":25,"column":46},"end":{"line":27,"column":18}},"21":{"start":{"line":27,"column":36},"end":{"line":27,"column":59}},"22":{"start":{"line":27,"column":77},"end":{"line":27,"column":143}},"23":{"start":{"line":27,"column":106},"end":{"line":27,"column":141}},"24":{"start":{"line":27,"column":147},"end":{"line":27,"column":177}}},"fnMap":{"0":{"name":"(anonymous_0)","decl":{"start":{"line":1,"column":384},"end":{"line":1,"column":385}},"loc":{"start":{"line":1,"column":396},"end":{"line":27,"column":144}},"line":1},"1":{"name":"_callee","decl":{"start":{"line":1,"column":481},"end":{"line":1,"column":488}},"loc":{"start":{"line":1,"column":491},"end":{"line":27,"column":74}},"line":1},"2":{"name":"_callee$","decl":{"start":{"line":1,"column":573},"end":{"line":1,"column":581}},"loc":{"start":{"line":1,"column":592},"end":{"line":27,"column":62}},"line":1},"3":{"name":"(anonymous_3)","decl":{"start":{"line":19,"column":19},"end":{"line":19,"column":20}},"loc":{"start":{"line":19,"column":39},"end":{"line":19,"column":64}},"line":19},"4":{"name":"(anonymous_4)","decl":{"start":{"line":20,"column":19},"end":{"line":20,"column":20}},"loc":{"start":{"line":20,"column":37},"end":{"line":22,"column":15}},"line":20},"5":{"name":"(anonymous_5)","decl":{"start":{"line":23,"column":14},"end":{"line":23,"column":15}},"loc":{"start":{"line":23,"column":31},"end":{"line":25,"column":15}},"line":23},"6":{"name":"fetchData","decl":{"start":{"line":27,"column":93},"end":{"line":27,"column":102}},"loc":{"start":{"line":27,"column":105},"end":{"line":27,"column":142}},"line":27}},"branchMap":{"0":{"loc":{"start":{"line":1,"column":604},"end":{"line":27,"column":60}},"type":"switch","locations":[{"start":{"line":1,"column":644},"end":{"line":25,"column":18}},{"start":{"line":25,"column":18},"end":{"line":27,"column":18}},{"start":{"line":27,"column":18},"end":{"line":27,"column":25}},{"start":{"line":27,"column":25},"end":{"line":27,"column":59}}],"line":1}},"s":{"0":2,"1":2,"2":2,"3":2,"4":2,"5":2,"6":2,"7":1,"8":2,"9":2,"10":1,"11":1,"12":1,"13":1,"14":1,"15":1,"16":0,"17":0,"18":0,"19":0,"20":0,"21":1,"22":2,"23":1,"24":2},"f":{"0":2,"1":1,"2":2,"3":0,"4":0,"5":0,"6":1},"b":{"0":[1,0,0,1]},"inputSourceMap":null,"_coverageSchema":"1a1c01bbd47fc00a2c39e90264f33305004495a9","hash":"63bbbfa7e3c743eadfad86cdebc90110d0f80d04"}
,"/Users/vinoththomas/Projects/Assignment_dexHigh/assignment/components/Accordion.js": {"path":"/Users/vinoththomas/Projects/Assignment_dexHigh/assignment/components/Accordion.js","statementMap":{"0":{"start":{"line":1,"column":42},"end":{"line":1,"column":97}},"1":{"start":{"line":1,"column":128},"end":{"line":1,"column":184}},"2":{"start":{"line":1,"column":185},"end":{"line":1,"column":247}},"3":{"start":{"line":1,"column":247},"end":{"line":1,"column":275}},"4":{"start":{"line":1,"column":298},"end":{"line":1,"column":370}},"5":{"start":{"line":1,"column":391},"end":{"line":1,"column":460}},"6":{"start":{"line":1,"column":478},"end":{"line":1,"column":544}},"7":{"start":{"line":1,"column":579},"end":{"line":1,"column":662}},"8":{"start":{"line":1,"column":686},"end":{"line":1,"column":758}},"9":{"start":{"line":1,"column":772},"end":{"line":1,"column":813}},"10":{"start":{"line":2,"column":19},"end":{"line":2,"column":42}},"11":{"start":{"line":2,"column":62},"end":{"line":2,"column":146}},"12":{"start":{"line":2,"column":211},"end":{"line":2,"column":238}},"13":{"start":{"line":2,"column":239},"end":{"line":2,"column":609}},"14":{"start":{"line":2,"column":291},"end":{"line":2,"column":332}},"15":{"start":{"line":2,"column":340},"end":{"line":2,"column":542}},"16":{"start":{"line":2,"column":388},"end":{"line":2,"column":438}},"17":{"start":{"line":2,"column":439},"end":{"line":2,"column":495}},"18":{"start":{"line":2,"column":503},"end":{"line":2,"column":541}},"19":{"start":{"line":2,"column":542},"end":{"line":2,"column":607}},"20":{"start":{"line":2,"column":648},"end":{"line":2,"column":719}},"21":{"start":{"line":2,"column":706},"end":{"line":2,"column":719}},"22":{"start":{"line":2,"column":719},"end":{"line":2,"column":760}},"23":{"start":{"line":2,"column":747},"end":{"line":2,"column":760}},"24":{"start":{"line":2,"column":760},"end":{"line":2,"column":805}},"25":{"start":{"line":2,"column":793},"end":{"line":2,"column":805}},"26":{"start":{"line":2,"column":805},"end":{"line":2,"column":923}},"27":{"start":{"line":2,"column":810},"end":{"line":2,"column":884}},"28":{"start":{"line":2,"column":884},"end":{"line":2,"column":896}},"29":{"start":{"line":2,"column":909},"end":{"line":2,"column":922}},"30":{"start":{"line":4,"column":12},"end":{"line":61,"column":46}},"31":{"start":{"line":4,"column":35},"end":{"line":4,"column":85}},"32":{"start":{"line":4,"column":98},"end":{"line":4,"column":121}},"33":{"start":{"line":5,"column":39},"end":{"line":5,"column":89}},"34":{"start":{"line":6,"column":4},"end":{"line":6,"column":37}},"35":{"start":{"line":7,"column":4},"end":{"line":9,"column":28}},"36":{"start":{"line":9,"column":28},"end":{"line":9,"column":41}},"37":{"start":{"line":11,"column":3},"end":{"line":61,"column":10}},"38":{"start":{"line":14,"column":6},"end":{"line":23,"column":191}},"39":{"start":{"line":29,"column":18},"end":{"line":29,"column":22}},"40":{"start":{"line":30,"column":13},"end":{"line":30,"column":28}},"41":{"start":{"line":31,"column":20},"end":{"line":31,"column":42}},"42":{"start":{"line":32,"column":6},"end":{"line":55,"column":65}},"43":{"start":{"line":37,"column":12},"end":{"line":39,"column":53}},"44":{"start":{"line":61,"column":10},"end":{"line":61,"column":27}},"45":{"start":{"line":61,"column":47},"end":{"line":61,"column":78}},"46":{"start":{"line":64,"column":13},"end":{"line":95,"column":26}}},"fnMap":{"0":{"name":"_createSuper","decl":{"start":{"line":2,"column":156},"end":{"line":2,"column":168}},"loc":{"start":{"line":2,"column":178},"end":{"line":2,"column":610}},"line":2},"1":{"name":"_createSuperInternal","decl":{"start":{"line":2,"column":255},"end":{"line":2,"column":275}},"loc":{"start":{"line":2,"column":278},"end":{"line":2,"column":608}},"line":2},"2":{"name":"_isNativeReflectConstruct","decl":{"start":{"line":2,"column":619},"end":{"line":2,"column":644}},"loc":{"start":{"line":2,"column":647},"end":{"line":2,"column":924}},"line":2},"3":{"name":"(anonymous_3)","decl":{"start":{"line":2,"column":867},"end":{"line":2,"column":868}},"loc":{"start":{"line":2,"column":879},"end":{"line":2,"column":881}},"line":2},"4":{"name":"(anonymous_4)","decl":{"start":{"line":4,"column":12},"end":{"line":4,"column":13}},"loc":{"start":{"line":4,"column":34},"end":{"line":61,"column":28}},"line":4},"5":{"name":"Accordion","decl":{"start":{"line":5,"column":11},"end":{"line":5,"column":20}},"loc":{"start":{"line":5,"column":28},"end":{"line":11,"column":3}},"line":5},"6":{"name":"renderValue","decl":{"start":{"line":11,"column":83},"end":{"line":11,"column":94}},"loc":{"start":{"line":13,"column":26},"end":{"line":27,"column":5}},"line":13},"7":{"name":"render","decl":{"start":{"line":27,"column":42},"end":{"line":27,"column":48}},"loc":{"start":{"line":29,"column":4},"end":{"line":61,"column":5}},"line":29},"8":{"name":"onPress","decl":{"start":{"line":36,"column":28},"end":{"line":36,"column":35}},"loc":{"start":{"line":36,"column":38},"end":{"line":40,"column":11}},"line":36}},"branchMap":{"0":{"loc":{"start":{"line":2,"column":340},"end":{"line":2,"column":542}},"type":"if","locations":[{"start":{"line":2,"column":340},"end":{"line":2,"column":542}},{"start":{"line":2,"column":340},"end":{"line":2,"column":542}}],"line":2},"1":{"loc":{"start":{"line":2,"column":648},"end":{"line":2,"column":719}},"type":"if","locations":[{"start":{"line":2,"column":648},"end":{"line":2,"column":719}},{"start":{"line":2,"column":648},"end":{"line":2,"column":719}}],"line":2},"2":{"loc":{"start":{"line":2,"column":652},"end":{"line":2,"column":704}},"type":"binary-expr","locations":[{"start":{"line":2,"column":652},"end":{"line":2,"column":682}},{"start":{"line":2,"column":686},"end":{"line":2,"column":704}}],"line":2},"3":{"loc":{"start":{"line":2,"column":719},"end":{"line":2,"column":760}},"type":"if","locations":[{"start":{"line":2,"column":719},"end":{"line":2,"column":760}},{"start":{"line":2,"column":719},"end":{"line":2,"column":760}}],"line":2},"4":{"loc":{"start":{"line":2,"column":760},"end":{"line":2,"column":805}},"type":"if","locations":[{"start":{"line":2,"column":760},"end":{"line":2,"column":805}},{"start":{"line":2,"column":760},"end":{"line":2,"column":805}}],"line":2},"5":{"loc":{"start":{"line":17,"column":8},"end":{"line":23,"column":188}},"type":"cond-expr","locations":[{"start":{"line":18,"column":8},"end":{"line":20,"column":26}},{"start":{"line":23,"column":8},"end":{"line":23,"column":188}}],"line":17},"6":{"loc":{"start":{"line":37,"column":12},"end":{"line":39,"column":52}},"type":"cond-expr","locations":[{"start":{"line":38,"column":12},"end":{"line":38,"column":52}},{"start":{"line":39,"column":12},"end":{"line":39,"column":52}}],"line":37}},"s":{"0":2,"1":2,"2":2,"3":2,"4":2,"5":2,"6":2,"7":2,"8":2,"9":2,"10":2,"11":2,"12":2,"13":2,"14":0,"15":0,"16":0,"17":0,"18":0,"19":0,"20":2,"21":0,"22":2,"23":0,"24":2,"25":2,"26":0,"27":0,"28":0,"29":0,"30":2,"31":2,"32":2,"33":0,"34":0,"35":0,"36":0,"37":2,"38":0,"39":0,"40":0,"41":0,"42":0,"43":0,"44":2,"45":2,"46":2},"f":{"0":2,"1":0,"2":2,"3":0,"4":2,"5":0,"6":0,"7":0,"8":0},"b":{"0":[0,0],"1":[0,2],"2":[2,2],"3":[0,2],"4":[2,0],"5":[0,0],"6":[0,0]},"inputSourceMap":null,"_coverageSchema":"1a1c01bbd47fc00a2c39e90264f33305004495a9","hash":"55acd07d0801d0be4b0f473628d50247eedc1d41"}
,"/Users/vinoththomas/Projects/Assignment_dexHigh/assignment/components/ListBody.js": {"path":"/Users/vinoththomas/Projects/Assignment_dexHigh/assignment/components/ListBody.js","statementMap":{"0":{"start":{"line":1,"column":42},"end":{"line":1,"column":97}},"1":{"start":{"line":1,"column":128},"end":{"line":1,"column":184}},"2":{"start":{"line":1,"column":185},"end":{"line":1,"column":247}},"3":{"start":{"line":1,"column":247},"end":{"line":1,"column":275}},"4":{"start":{"line":1,"column":294},"end":{"line":1,"column":355}},"5":{"start":{"line":1,"column":381},"end":{"line":1,"column":455}},"6":{"start":{"line":1,"column":479},"end":{"line":1,"column":551}},"7":{"start":{"line":1,"column":572},"end":{"line":1,"column":641}},"8":{"start":{"line":1,"column":659},"end":{"line":1,"column":725}},"9":{"start":{"line":1,"column":760},"end":{"line":1,"column":843}},"10":{"start":{"line":1,"column":867},"end":{"line":1,"column":939}},"11":{"start":{"line":1,"column":953},"end":{"line":1,"column":994}},"12":{"start":{"line":2,"column":19},"end":{"line":2,"column":42}},"13":{"start":{"line":9,"column":17},"end":{"line":9,"column":63}},"14":{"start":{"line":10,"column":12},"end":{"line":10,"column":36}},"15":{"start":{"line":10,"column":56},"end":{"line":10,"column":139}},"16":{"start":{"line":10,"column":204},"end":{"line":10,"column":231}},"17":{"start":{"line":10,"column":232},"end":{"line":10,"column":602}},"18":{"start":{"line":10,"column":284},"end":{"line":10,"column":325}},"19":{"start":{"line":10,"column":333},"end":{"line":10,"column":535}},"20":{"start":{"line":10,"column":381},"end":{"line":10,"column":431}},"21":{"start":{"line":10,"column":432},"end":{"line":10,"column":488}},"22":{"start":{"line":10,"column":496},"end":{"line":10,"column":534}},"23":{"start":{"line":10,"column":535},"end":{"line":10,"column":600}},"24":{"start":{"line":10,"column":641},"end":{"line":10,"column":712}},"25":{"start":{"line":10,"column":699},"end":{"line":10,"column":712}},"26":{"start":{"line":10,"column":712},"end":{"line":10,"column":753}},"27":{"start":{"line":10,"column":740},"end":{"line":10,"column":753}},"28":{"start":{"line":10,"column":753},"end":{"line":10,"column":798}},"29":{"start":{"line":10,"column":786},"end":{"line":10,"column":798}},"30":{"start":{"line":10,"column":798},"end":{"line":10,"column":916}},"31":{"start":{"line":10,"column":803},"end":{"line":10,"column":877}},"32":{"start":{"line":10,"column":877},"end":{"line":10,"column":889}},"33":{"start":{"line":10,"column":902},"end":{"line":10,"column":915}},"34":{"start":{"line":12,"column":11},"end":{"line":57,"column":45}},"35":{"start":{"line":12,"column":34},"end":{"line":12,"column":83}},"36":{"start":{"line":12,"column":96},"end":{"line":12,"column":118}},"37":{"start":{"line":13,"column":38},"end":{"line":13,"column":87}},"38":{"start":{"line":14,"column":4},"end":{"line":14,"column":37}},"39":{"start":{"line":14,"column":37},"end":{"line":27,"column":153}},"40":{"start":{"line":26,"column":45},"end":{"line":26,"column":54}},"41":{"start":{"line":26,"column":55},"end":{"line":27,"column":151}},"42":{"start":{"line":27,"column":153},"end":{"line":27,"column":199}},"43":{"start":{"line":27,"column":199},"end":{"line":27,"column":212}},"44":{"start":{"line":27,"column":213},"end":{"line":57,"column":10}},"45":{"start":{"line":27,"column":327},"end":{"line":27,"column":736}},"46":{"start":{"line":27,"column":420},"end":{"line":27,"column":733}},"47":{"start":{"line":27,"column":485},"end":{"line":27,"column":715}},"48":{"start":{"line":27,"column":496},"end":{"line":27,"column":714}},"49":{"start":{"line":27,"column":543},"end":{"line":27,"column":561}},"50":{"start":{"line":27,"column":561},"end":{"line":27,"column":591}},"51":{"start":{"line":27,"column":598},"end":{"line":27,"column":619}},"52":{"start":{"line":27,"column":619},"end":{"line":27,"column":672}},"53":{"start":{"line":27,"column":690},"end":{"line":27,"column":713}},"54":{"start":{"line":27,"column":767},"end":{"line":27,"column":816}},"55":{"start":{"line":27,"column":817},"end":{"line":27,"column":842}},"56":{"start":{"line":31,"column":6},"end":{"line":31,"column":16}},"57":{"start":{"line":31,"column":29},"end":{"line":31,"column":50}},"58":{"start":{"line":31,"column":58},"end":{"line":31,"column":74}},"59":{"start":{"line":33,"column":6},"end":{"line":52,"column":104}},"60":{"start":{"line":45,"column":53},"end":{"line":45,"column":70}},"61":{"start":{"line":57,"column":10},"end":{"line":57,"column":26}},"62":{"start":{"line":57,"column":46},"end":{"line":57,"column":76}}},"fnMap":{"0":{"name":"_createSuper","decl":{"start":{"line":10,"column":149},"end":{"line":10,"column":161}},"loc":{"start":{"line":10,"column":171},"end":{"line":10,"column":603}},"line":10},"1":{"name":"_createSuperInternal","decl":{"start":{"line":10,"column":248},"end":{"line":10,"column":268}},"loc":{"start":{"line":10,"column":271},"end":{"line":10,"column":601}},"line":10},"2":{"name":"_isNativeReflectConstruct","decl":{"start":{"line":10,"column":612},"end":{"line":10,"column":637}},"loc":{"start":{"line":10,"column":640},"end":{"line":10,"column":917}},"line":10},"3":{"name":"(anonymous_3)","decl":{"start":{"line":10,"column":860},"end":{"line":10,"column":861}},"loc":{"start":{"line":10,"column":872},"end":{"line":10,"column":874}},"line":10},"4":{"name":"(anonymous_4)","decl":{"start":{"line":12,"column":11},"end":{"line":12,"column":12}},"loc":{"start":{"line":12,"column":33},"end":{"line":57,"column":27}},"line":12},"5":{"name":"ListBody","decl":{"start":{"line":13,"column":11},"end":{"line":13,"column":19}},"loc":{"start":{"line":13,"column":27},"end":{"line":27,"column":213}},"line":13},"6":{"name":"(anonymous_6)","decl":{"start":{"line":26,"column":17},"end":{"line":26,"column":18}},"loc":{"start":{"line":26,"column":33},"end":{"line":27,"column":152}},"line":26},"7":{"name":"(anonymous_7)","decl":{"start":{"line":27,"column":289},"end":{"line":27,"column":290}},"loc":{"start":{"line":27,"column":301},"end":{"line":27,"column":843}},"line":27},"8":{"name":"_callee","decl":{"start":{"line":27,"column":400},"end":{"line":27,"column":407}},"loc":{"start":{"line":27,"column":410},"end":{"line":27,"column":734}},"line":27},"9":{"name":"_callee$","decl":{"start":{"line":27,"column":465},"end":{"line":27,"column":473}},"loc":{"start":{"line":27,"column":484},"end":{"line":27,"column":716}},"line":27},"10":{"name":"componentDidMount","decl":{"start":{"line":27,"column":746},"end":{"line":27,"column":763}},"loc":{"start":{"line":27,"column":766},"end":{"line":27,"column":817}},"line":27},"11":{"name":"render","decl":{"start":{"line":27,"column":882},"end":{"line":27,"column":888}},"loc":{"start":{"line":30,"column":4},"end":{"line":57,"column":5}},"line":30},"12":{"name":"keyExtractor","decl":{"start":{"line":45,"column":33},"end":{"line":45,"column":45}},"loc":{"start":{"line":45,"column":52},"end":{"line":45,"column":71}},"line":45}},"branchMap":{"0":{"loc":{"start":{"line":10,"column":333},"end":{"line":10,"column":535}},"type":"if","locations":[{"start":{"line":10,"column":333},"end":{"line":10,"column":535}},{"start":{"line":10,"column":333},"end":{"line":10,"column":535}}],"line":10},"1":{"loc":{"start":{"line":10,"column":641},"end":{"line":10,"column":712}},"type":"if","locations":[{"start":{"line":10,"column":641},"end":{"line":10,"column":712}},{"start":{"line":10,"column":641},"end":{"line":10,"column":712}}],"line":10},"2":{"loc":{"start":{"line":10,"column":645},"end":{"line":10,"column":697}},"type":"binary-expr","locations":[{"start":{"line":10,"column":645},"end":{"line":10,"column":675}},{"start":{"line":10,"column":679},"end":{"line":10,"column":697}}],"line":10},"3":{"loc":{"start":{"line":10,"column":712},"end":{"line":10,"column":753}},"type":"if","locations":[{"start":{"line":10,"column":712},"end":{"line":10,"column":753}},{"start":{"line":10,"column":712},"end":{"line":10,"column":753}}],"line":10},"4":{"loc":{"start":{"line":10,"column":753},"end":{"line":10,"column":798}},"type":"if","locations":[{"start":{"line":10,"column":753},"end":{"line":10,"column":798}},{"start":{"line":10,"column":753},"end":{"line":10,"column":798}}],"line":10},"5":{"loc":{"start":{"line":27,"column":496},"end":{"line":27,"column":714}},"type":"switch","locations":[{"start":{"line":27,"column":536},"end":{"line":27,"column":591}},{"start":{"line":27,"column":591},"end":{"line":27,"column":672}},{"start":{"line":27,"column":672},"end":{"line":27,"column":679}},{"start":{"line":27,"column":679},"end":{"line":27,"column":713}}],"line":27},"6":{"loc":{"start":{"line":40,"column":8},"end":{"line":52,"column":101}},"type":"cond-expr","locations":[{"start":{"line":41,"column":8},"end":{"line":45,"column":147}},{"start":{"line":49,"column":8},"end":{"line":52,"column":101}}],"line":40}},"s":{"0":2,"1":2,"2":2,"3":2,"4":2,"5":2,"6":2,"7":2,"8":2,"9":2,"10":2,"11":2,"12":2,"13":2,"14":2,"15":2,"16":2,"17":2,"18":1,"19":1,"20":1,"21":1,"22":0,"23":1,"24":2,"25":0,"26":2,"27":0,"28":2,"29":2,"30":0,"31":0,"32":0,"33":0,"34":2,"35":2,"36":2,"37":1,"38":1,"39":1,"40":0,"41":0,"42":1,"43":1,"44":2,"45":2,"46":1,"47":2,"48":2,"49":1,"50":1,"51":0,"52":0,"53":1,"54":1,"55":2,"56":1,"57":1,"58":1,"59":1,"60":0,"61":2,"62":2},"f":{"0":2,"1":1,"2":2,"3":0,"4":2,"5":1,"6":0,"7":2,"8":1,"9":2,"10":1,"11":1,"12":0},"b":{"0":[1,0],"1":[0,2],"2":[2,2],"3":[0,2],"4":[2,0],"5":[1,0,0,1],"6":[0,1]},"inputSourceMap":null,"_coverageSchema":"1a1c01bbd47fc00a2c39e90264f33305004495a9","hash":"67242d7816c9583fbacf0d0b557d1e7e9d2a13c3"}
,"/Users/vinoththomas/Projects/Assignment_dexHigh/assignment/header/foreground.js": {"path":"/Users/vinoththomas/Projects/Assignment_dexHigh/assignment/header/foreground.js","statementMap":{"0":{"start":{"line":1,"column":42},"end":{"line":1,"column":97}},"1":{"start":{"line":1,"column":98},"end":{"line":1,"column":160}},"2":{"start":{"line":1,"column":160},"end":{"line":1,"column":192}},"3":{"start":{"line":1,"column":205},"end":{"line":1,"column":245}},"4":{"start":{"line":2,"column":19},"end":{"line":2,"column":42}},"5":{"start":{"line":2,"column":62},"end":{"line":2,"column":143}},"6":{"start":{"line":5,"column":2},"end":{"line":13,"column":187}},"7":{"start":{"line":18,"column":13},"end":{"line":36,"column":25}}},"fnMap":{"0":{"name":"Foreground","decl":{"start":{"line":4,"column":9},"end":{"line":4,"column":19}},"loc":{"start":{"line":4,"column":22},"end":{"line":16,"column":1}},"line":4}},"branchMap":{},"s":{"0":2,"1":2,"2":2,"3":2,"4":2,"5":2,"6":0,"7":2},"f":{"0":0},"b":{},"inputSourceMap":null,"_coverageSchema":"1a1c01bbd47fc00a2c39e90264f33305004495a9","hash":"54a1d8b7e3ea76cec13bab6d3188ad92505035b6"}
}
