TN:
SF:assets/linker.png
FNF:0
FNH:0
DA:1,2
LF:1
LH:1
BRF:0
BRH:0
end_of_record
TN:
SF:assignment/task1.js
FN:3,_getRequireWildcardCache
FN:3,_getRequireWildcardCache
FN:3,_interopRequireWildcard
FN:3,_typeof
FN:3,_typeof
FN:3,_typeof
FN:3,_classCallCheck
FN:3,_defineProperties
FN:3,_createClass
FN:3,_inherits
FN:3,_setPrototypeOf
FN:3,_setPrototypeOf
FN:3,_createSuper
FN:3,_createSuperInternal
FN:3,_possibleConstructorReturn
FN:3,_assertThisInitialized
FN:3,_isNativeReflectConstruct
FN:3,(anonymous_17)
FN:3,_getPrototypeOf
FN:3,_getPrototypeOf
FN:5,(anonymous_20)
FN:6,Task1
FN:11,componentDidMount
FN:15,getPrintValue
FN:23,doTask
FN:53,render
FN:63,onPress
FNF:27
FNH:20
FNDA:2,_getRequireWildcardCache
FNDA:0,_getRequireWildcardCache
FNDA:2,_interopRequireWildcard
FNDA:2,_typeof
FNDA:4,_typeof
FNDA:0,_typeof
FNDA:2,_classCallCheck
FNDA:2,_defineProperties
FNDA:2,_createClass
FNDA:2,_inherits
FNDA:2,_setPrototypeOf
FNDA:0,_setPrototypeOf
FNDA:2,_createSuper
FNDA:2,_createSuperInternal
FNDA:2,_possibleConstructorReturn
FNDA:0,_assertThisInitialized
FNDA:2,_isNativeReflectConstruct
FNDA:0,(anonymous_17)
FNDA:2,_getPrototypeOf
FNDA:0,_getPrototypeOf
FNDA:2,(anonymous_20)
FNDA:2,Task1
FNDA:2,componentDidMount
FNDA:26,getPrintValue
FNDA:2,doTask
FNDA:2,render
FNDA:0,onPress
DA:1,2
DA:2,2
DA:3,56
DA:5,2
DA:6,2
DA:7,2
DA:8,2
DA:9,2
DA:11,2
DA:14,2
DA:19,26
DA:22,26
DA:26,2
DA:27,2
DA:28,2
DA:29,2
DA:30,2
DA:32,2
DA:34,2
DA:35,28
DA:36,28
DA:37,14
DA:38,14
DA:39,14
DA:40,14
DA:41,12
DA:42,12
DA:48,12
DA:50,2
DA:55,2
DA:56,2
DA:63,0
DA:71,2
DA:74,2
LF:34
LH:33
BRDA:3,0,0,0
BRDA:3,0,1,2
BRDA:3,1,0,0
BRDA:3,1,1,2
BRDA:3,2,0,2
BRDA:3,2,1,2
BRDA:3,3,0,0
BRDA:3,3,1,2
BRDA:3,4,0,2
BRDA:3,4,1,2
BRDA:3,4,2,0
BRDA:3,5,0,0
BRDA:3,5,1,2
BRDA:3,6,0,2
BRDA:3,6,1,2
BRDA:3,7,0,2
BRDA:3,7,1,2
BRDA:3,8,0,56
BRDA:3,8,1,0
BRDA:3,9,0,56
BRDA:3,9,1,0
BRDA:3,10,0,0
BRDA:3,10,1,56
BRDA:3,11,0,56
BRDA:3,11,1,56
BRDA:3,11,2,56
BRDA:3,12,0,2
BRDA:3,12,1,0
BRDA:3,13,0,2
BRDA:3,13,1,0
BRDA:3,14,0,2
BRDA:3,14,1,2
BRDA:3,15,0,2
BRDA:3,15,1,0
BRDA:3,16,0,0
BRDA:3,16,1,0
BRDA:3,17,0,0
BRDA:3,17,1,0
BRDA:3,17,2,0
BRDA:3,17,3,0
BRDA:3,18,0,0
BRDA:3,18,1,0
BRDA:3,19,0,0
BRDA:3,19,1,2
BRDA:3,20,0,8
BRDA:3,20,1,8
BRDA:3,21,0,8
BRDA:3,21,1,0
BRDA:3,22,0,2
BRDA:3,22,1,0
BRDA:3,23,0,0
BRDA:3,23,1,2
BRDA:3,24,0,0
BRDA:3,24,1,2
BRDA:3,25,0,2
BRDA:3,25,1,0
BRDA:3,26,0,2
BRDA:3,26,1,2
BRDA:3,27,0,2
BRDA:3,27,1,0
BRDA:3,28,0,2
BRDA:3,28,1,0
BRDA:3,29,0,2
BRDA:3,29,1,0
BRDA:3,30,0,2
BRDA:3,30,1,0
BRDA:3,31,0,2
BRDA:3,31,1,2
BRDA:3,31,2,0
BRDA:3,32,0,0
BRDA:3,32,1,0
BRDA:3,33,0,0
BRDA:3,33,1,2
BRDA:3,34,0,2
BRDA:3,34,1,2
BRDA:3,35,0,0
BRDA:3,35,1,2
BRDA:3,36,0,2
BRDA:3,36,1,0
BRDA:3,37,0,2
BRDA:3,37,1,0
BRDA:3,38,0,0
BRDA:3,38,1,0
BRDA:36,39,0,14
BRDA:36,39,1,14
BRDA:40,40,0,12
BRDA:40,40,1,2
BRF:87
BRH:49
end_of_record
TN:
SF:assignment/task2a.js
FN:3,_createSuper
FN:3,_createSuperInternal
FN:3,_isNativeReflectConstruct
FN:3,(anonymous_3)
FN:5,(anonymous_4)
FN:6,Task2a
FN:68,(anonymous_6)
FN:78,componentDidMount
FN:78,backAction
FN:78,componentWillUnmount
FN:78,startTimer
FN:78,(anonymous_11)
FN:78,stopReset
FN:78,pauseTimer
FN:78,resumeTimer
FN:78,componentWillUnmount
FN:82,render
FN:97,onPress
FN:106,onPress
FNF:19
FNH:9
FNDA:2,_createSuper
FNDA:2,_createSuperInternal
FNDA:2,_isNativeReflectConstruct
FNDA:0,(anonymous_3)
FNDA:2,(anonymous_4)
FNDA:2,Task2a
FNDA:0,(anonymous_6)
FNDA:2,componentDidMount
FNDA:0,backAction
FNDA:0,componentWillUnmount
FNDA:1,startTimer
FNDA:0,(anonymous_11)
FNDA:0,stopReset
FNDA:0,pauseTimer
FNDA:0,resumeTimer
FNDA:0,componentWillUnmount
FNDA:3,render
FNDA:1,onPress
FNDA:0,onPress
DA:1,2
DA:2,2
DA:3,2
DA:5,2
DA:6,2
DA:7,2
DA:69,0
DA:73,0
DA:75,0
DA:77,0
DA:78,2
DA:81,0
DA:84,3
DA:85,3
DA:86,3
DA:98,1
DA:107,0
DA:115,2
DA:118,2
LF:19
LH:13
BRDA:3,0,0,2
BRDA:3,0,1,0
BRDA:3,1,0,0
BRDA:3,1,1,2
BRDA:3,2,0,2
BRDA:3,2,1,2
BRDA:3,3,0,0
BRDA:3,3,1,2
BRDA:3,4,0,2
BRDA:3,4,1,0
BRDA:69,5,0,0
BRDA:69,5,1,0
BRDA:70,6,0,0
BRDA:70,6,1,0
BRDA:78,7,0,0
BRDA:78,7,1,0
BRDA:78,8,0,0
BRDA:78,8,1,0
BRF:18
BRH:6
end_of_record
TN:
SF:assignment/task2b.js
FN:4,_createSuper
FN:4,_createSuperInternal
FN:4,_isNativeReflectConstruct
FN:4,(anonymous_3)
FN:6,(anonymous_4)
FN:6,Task2b
FN:6,render
FN:16,renderBody
FN:17,foreground
FNF:9
FNH:6
FNDA:2,_createSuper
FNDA:2,_createSuperInternal
FNDA:2,_isNativeReflectConstruct
FNDA:0,(anonymous_3)
FNDA:2,(anonymous_4)
FNDA:2,Task2b
FNDA:2,render
FNDA:0,renderBody
FNDA:0,foreground
DA:1,2
DA:2,2
DA:3,2
DA:4,2
DA:6,2
DA:9,2
DA:16,0
DA:17,0
DA:24,2
LF:9
LH:7
BRDA:4,0,0,2
BRDA:4,0,1,0
BRDA:4,1,0,0
BRDA:4,1,1,2
BRDA:4,2,0,2
BRDA:4,2,1,2
BRDA:4,3,0,0
BRDA:4,3,1,2
BRDA:4,4,0,2
BRDA:4,4,1,0
BRF:10
BRH:6
end_of_record
TN:
SF:assignment/API/main.js
FN:1,(anonymous_0)
FN:1,_callee
FN:1,_callee$
FN:19,(anonymous_3)
FN:20,(anonymous_4)
FN:23,(anonymous_5)
FN:27,fetchData
FNF:7
FNH:4
FNDA:2,(anonymous_0)
FNDA:1,_callee
FNDA:2,_callee$
FNDA:0,(anonymous_3)
FNDA:0,(anonymous_4)
FNDA:0,(anonymous_5)
FNDA:1,fetchData
DA:1,2
DA:2,1
DA:3,1
DA:4,1
DA:9,1
DA:12,1
DA:19,0
DA:21,0
DA:24,0
DA:25,0
DA:27,2
LF:11
LH:7
BRDA:1,0,0,1
BRDA:1,0,1,0
BRDA:1,0,2,0
BRDA:1,0,3,1
BRF:4
BRH:2
end_of_record
TN:
SF:assignment/components/Accordion.js
FN:2,_createSuper
FN:2,_createSuperInternal
FN:2,_isNativeReflectConstruct
FN:2,(anonymous_3)
FN:4,(anonymous_4)
FN:5,Accordion
FN:11,renderValue
FN:27,render
FN:36,onPress
FNF:9
FNH:3
FNDA:2,_createSuper
FNDA:0,_createSuperInternal
FNDA:2,_isNativeReflectConstruct
FNDA:0,(anonymous_3)
FNDA:2,(anonymous_4)
FNDA:0,Accordion
FNDA:0,renderValue
FNDA:0,render
FNDA:0,onPress
DA:1,2
DA:2,2
DA:4,2
DA:5,0
DA:6,0
DA:7,0
DA:9,0
DA:11,2
DA:14,0
DA:29,0
DA:30,0
DA:31,0
DA:32,0
DA:37,0
DA:61,2
DA:64,2
LF:16
LH:6
BRDA:2,0,0,0
BRDA:2,0,1,0
BRDA:2,1,0,0
BRDA:2,1,1,2
BRDA:2,2,0,2
BRDA:2,2,1,2
BRDA:2,3,0,0
BRDA:2,3,1,2
BRDA:2,4,0,2
BRDA:2,4,1,0
BRDA:17,5,0,0
BRDA:17,5,1,0
BRDA:37,6,0,0
BRDA:37,6,1,0
BRF:14
BRH:5
end_of_record
TN:
SF:assignment/components/ListBody.js
FN:10,_createSuper
FN:10,_createSuperInternal
FN:10,_isNativeReflectConstruct
FN:10,(anonymous_3)
FN:12,(anonymous_4)
FN:13,ListBody
FN:26,(anonymous_6)
FN:27,(anonymous_7)
FN:27,_callee
FN:27,_callee$
FN:27,componentDidMount
FN:27,render
FN:45,keyExtractor
FNF:13
FNH:10
FNDA:2,_createSuper
FNDA:1,_createSuperInternal
FNDA:2,_isNativeReflectConstruct
FNDA:0,(anonymous_3)
FNDA:2,(anonymous_4)
FNDA:1,ListBody
FNDA:0,(anonymous_6)
FNDA:2,(anonymous_7)
FNDA:1,_callee
FNDA:2,_callee$
FNDA:1,componentDidMount
FNDA:1,render
FNDA:0,keyExtractor
DA:1,2
DA:2,2
DA:9,2
DA:10,2
DA:12,2
DA:13,1
DA:14,1
DA:26,0
DA:27,2
DA:31,1
DA:33,1
DA:45,0
DA:57,2
LF:13
LH:11
BRDA:10,0,0,1
BRDA:10,0,1,0
BRDA:10,1,0,0
BRDA:10,1,1,2
BRDA:10,2,0,2
BRDA:10,2,1,2
BRDA:10,3,0,0
BRDA:10,3,1,2
BRDA:10,4,0,2
BRDA:10,4,1,0
BRDA:27,5,0,1
BRDA:27,5,1,0
BRDA:27,5,2,0
BRDA:27,5,3,1
BRDA:40,6,0,0
BRDA:40,6,1,1
BRF:16
BRH:9
end_of_record
TN:
SF:assignment/header/foreground.js
FN:4,Foreground
FNF:1
FNH:0
FNDA:0,Foreground
DA:1,2
DA:2,2
DA:5,0
DA:18,2
LF:4
LH:3
BRF:0
BRH:0
end_of_record
